#[1]   hack2.asm
  442  1C:77B2                    mNULL
  460  1C:77D0                    mNULL
#[2]   src/bank0E.asm
#[3]   src/obj/behaviour_normal.asm
#[2]   src/bank0E.asm
#[1]   hack2.asm
#[2]   src/bank0F.asm
#[3]   src/sprites.asm
#[2]   src/bank0F.asm
#[3]   src/NMI.asm
#[2]   src/bank0F.asm
#[3]   src/spawnenemy.asm
#[2]   src/bank0F.asm
#[3]   src/weapons.asm
#[2]   src/bank0F.asm
#[3]   src/damageinfo.asm
#[2]   src/bank0F.asm
#[3]   src/obj/behaviour_stopping.asm
#[2]   src/bank0F.asm
#[3]   src/animations.asm
#[2]   src/bank0F.asm
#[1]   hack2.asm
#[2]   src/patch.asm
#[1]   hack2.asm
